-------------------------------------------------------------------------------
Test set: StepDefinitions.TestRunner
-------------------------------------------------------------------------------
Tests run: 3, Failures: 1, Errors: 0, Skipped: 0, Time elapsed: 59.898 s <<< FAILURE! - in StepDefinitions.TestRunner
To validate that the Subscription form can be submitted successfully(To test important features of Home Page of PwC Digital Pulse application)  Time elapsed: 35.912 s  <<< FAILURE!
java.lang.AssertionError

