<?xml version="1.0" encoding="UTF-8"?>
<testsuite xmlns:xsi="http://www.w3.org/2001/XMLSchema-instance" xsi:noNamespaceSchemaLocation="https://maven.apache.org/surefire/maven-surefire-plugin/xsd/surefire-test-report.xsd" name="StepDefinitions.TestRunner" time="59.898" tests="3" errors="0" skipped="0" failures="1">
  <properties>
[...]
</properties>
  <testcase name="To check the alignment of News Articles on Home page" classname="To test important features of Home Page of PwC Digital Pulse application" time="10.375"/>
  <testcase name="To validate that the Subscription form can be submitted successfully" classname="To test important features of Home Page of PwC Digital Pulse application" time="35.912">
    <failure type="java.lang.AssertionError">java.lang.AssertionError
</failure>
    <system-out><![CDATA[
@demo
Scenario: To validate that the Subscription form can be submitted successfully # src/main/java/Features/HomePage.feature:13
-----Launched the Digital Pulse Website Successfully-----
  Given I navigate to the PwC Digital Pulse website                            # StepDefinitions.HomePageStepDef.navigate_to_the_pwc_digital_pulse_website()
-------Verified that I have navigated to correct webpage-------
  And I am viewing the Home page                                               # StepDefinitions.HomePageStepDef.verify_home_page()
Error At: Click method
  When I click on "Subscribe"                                                  # StepDefinitions.HomePageStepDef.click(java.lang.String)
      java.lang.AssertionError
	at org.junit.Assert.fail(Assert.java:86)
	at org.junit.Assert.fail(Assert.java:95)
	at StepDefinitions.HomePageStepDef.click(HomePageStepDef.java:147)
	at âœ½.I click on "Subscribe"(file:///C:/Users/User/Documents/assignment/pwc_assignment-main/SampleProject/src/main/java/Features/HomePage.feature:16)

  Then I am viewing the Subscribe page                                         # StepDefinitions.HomePageStepDef.verify_subscribe_page()
  And Enter data in all the fields in the form                                 # StepDefinitions.HomePageStepDef.fill_the_subscribe_form()
  And I will need to complete Google reCAPTCHA                                 # StepDefinitions.HomePageStepDef.complete_recaptcha()
  And I will verify that the submit button is enabled                          # StepDefinitions.HomePageStepDef.verify_submit_button_in_subscribe_form()
]]></system-out>
    <system-err><![CDATA[Starting ChromeDriver 100.0.4896.60 (6a5d10861ce8de5fce22564658033b43cb7de047-refs/branch-heads/4896@{#875}) on port 23804
Only local connections are allowed.
Please see https://chromedriver.chromium.org/security-considerations for suggestions on keeping ChromeDriver safe.
ChromeDriver was started successfully.
Apr 12, 2022 6:01:50 PM org.openqa.selenium.remote.ProtocolHandshake createSession
INFO: Detected dialect: W3C
]]></system-err>
  </testcase>
  <testcase name="To validate the search functionality" classname="To test important features of Home Page of PwC Digital Pulse application" time="12.605"/>
</testsuite>